12:54:03 **** Incremental Build of configuration Debug for project Final_Project ****
make all 
Building file: ../main.c
Invoking: AVR Compiler
avr-gcc -Wall -g2 -gstabs -O0 -fpack-struct -fshort-enums -ffunction-sections -fdata-sections -std=gnu99 -funsigned-char -funsigned-bitfields -mmcu=atmega16 -DF_CPU=1000000UL -MMD -MP -MF"main.d" -MT"main.o" -c -o "main.o" "../main.c"
In file included from ../main.c:10:
c:/winavr-20100110/lib/gcc/../../avr/include/util/delay.h:90:3: warning: #warning "Compiler optimizations disabled; functions from <util/delay.h> won't work as designed"
../main.c: In function 'check_pass':
../main.c:41: warning: implicit declaration of function 'save_pass'
../main.c:42: warning: implicit declaration of function 'state_two'
Finished building: ../main.c
 
Building target: Final_Project.elf
Invoking: AVR C Linker
avr-gcc -Wl,-Map,Final_Project.map -mmcu=atmega16 -o "Final_Project.elf"  ./buzzer.o ./gpio.o ./keypad.o ./lcd.o ./main.o ./uart.o   
./main.o: In function `main':
../main.c:20: undefined reference to `save_pass'
../main.c:20: undefined reference to `state_two'
make: *** [Final_Project.elf] Error 1
"make all" terminated with exit code 2. Build might be incomplete.

12:54:03 Build Failed. 3 errors, 3 warnings. (took 503ms)

